<?xml version="1.0" encoding="UTF-8"?>
<testsuites name="testfull" time="66.713" tests="5" failures="0" errors="0">
   <testsuite name="testfull" tests="5" failures="0" errors="0" time="66.713" skipped="0" timestamp="2022-02-01 09:24:58" hostname="YARIB - 192.168.1.21" id="Test Suites/testfull">
      <properties>
         <property name="deviceName" value=""/>
         <property name="devicePlatform" value=""/>
         <property name="logFolder" value="C:\\Users\\YARIB\\Katalon Studio\\casos de prueba\\Ejercicio1er\\Reports\\20220201_092455\\testfull\\20220201_092455"/>
         <property name="logFiles" value="C:\\Users\\YARIB\\Katalon Studio\\casos de prueba\\Ejercicio1er\\Reports\\20220201_092455\\testfull\\20220201_092455\\execution0.log"/>
         <property name="attachments" value=""/>
         <property name="hostName" value="YARIB - 192.168.1.21"/>
         <property name="os" value="Windows 10 64bit"/>
         <property name="katalonVersion" value="8.2.5.208"/>
         <property name="browser" value="Chrome 97.0.4692.99"/>
         <property name="hostAddress" value="192.168.1.21"/>
         <property name="sessionId" value="879f6a41f24c34e89c2b049004ae2ebb"/>
         <property name="seleniumVersion" value="3.141.59"/>
         <property name="proxyInformation" value="ProxyInformation { proxyOption=NO_PROXY, proxyServerType=HTTP, username=, password=********, proxyServerAddress=, proxyServerPort=0, executionList=&quot;&quot;, isApplyToDesiredCapabilities=true }"/>
         <property name="platform" value="Windows 10"/>
      </properties>
      <testcase name="Test Cases/Ejercicio1/test1" time="18.455" classname="Test Cases/Ejercicio1/test1" status="PASSED">
         <system-out><![CDATA[2022-02-01 09:24:59 - [TEST_CASE][PASSED] - Test Cases/Ejercicio1/test1: Test Cases/Ejercicio1/test1

2022-02-01 09:24:59 - [TEST_STEP][PASSED] - openBrowser(""): Browser is opened with url: ''

2022-02-01 09:25:00 - [MESSAGE][INFO] - Starting 'Chrome' driver

2022-02-01 09:25:00 - [MESSAGE][INFO] - Action delay is set to 0 milliseconds

2022-02-01 09:25:02 - [MESSAGE][PASSED] - Browser is opened with url: ''

2022-02-01 09:25:02 - [TEST_STEP][PASSED] - navigateToUrl("https://www.amazon.com/ap/signin?openid.pape.max_auth_age=0&openid.return_to=https%3A%2F%2Fwww.amazon.com%2Fyour-account%2F%3F_encoding%3DUTF8%26ref_%3Dnav_em_hd_re_signin&openid.identity=http%3A%2F%2Fspecs.openid.net%2Fauth%2F2.0%2Fidentifier_select&openid.assoc_handle=usflex&openid.mode=checkid_setup&openid.claimed_id=http%3A%2F%2Fspecs.openid.net%2Fauth%2F2.0%2Fidentifier_select&openid.ns=http%3A%2F%2Fspecs.openid.net%2Fauth%2F2.0&&ref_%3Dnav_em_hd_clc_signin"): Navigate to 'https://www.amazon.com/ap/signin?openid.pape.max_auth_age=0&openid.return_to=https%3A%2F%2Fwww.amazon.com%2Fyour-account%2F%3F_encoding%3DUTF8%26ref_%3Dnav_em_hd_re_signin&openid.identity=http%3A%2F%2Fspecs.openid.net%2Fauth%2F2.0%2Fidentifier_select&openid.assoc_handle=usflex&openid.mode=checkid_setup&openid.claimed_id=http%3A%2F%2Fspecs.openid.net%2Fauth%2F2.0%2Fidentifier_select&openid.ns=http%3A%2F%2Fspecs.openid.net%2Fauth%2F2.0&&ref_%3Dnav_em_hd_clc_signin' successfully

2022-02-01 09:25:03 - [MESSAGE][PASSED] - Navigate to 'https://www.amazon.com/ap/signin?openid.pape.max_auth_age=0&openid.return_to=https%3A%2F%2Fwww.amazon.com%2Fyour-account%2F%3F_encoding%3DUTF8%26ref_%3Dnav_em_hd_re_signin&openid.identity=http%3A%2F%2Fspecs.openid.net%2Fauth%2F2.0%2Fidentifier_select&openid.assoc_handle=usflex&openid.mode=checkid_setup&openid.claimed_id=http%3A%2F%2Fspecs.openid.net%2Fauth%2F2.0%2Fidentifier_select&openid.ns=http%3A%2F%2Fspecs.openid.net%2Fauth%2F2.0&&ref_%3Dnav_em_hd_clc_signin' successfully

2022-02-01 09:25:03 - [TEST_STEP][PASSED] - maximizeWindow(): Current window maximized

2022-02-01 09:25:04 - [MESSAGE][PASSED] - Current window maximized

2022-02-01 09:25:04 - [TEST_STEP][PASSED] - verifyElementPresent(findTestObject("Page_Amazon Sign-In/input_Email or mobile phone number_email"), 0): Object 'Object Repository/Page_Amazon Sign-In/input_Email or mobile phone number_email' is present

2022-02-01 09:25:04 - [MESSAGE][WARNING] - Timeout '0' is invalid. Using default page load timeout: '30'

2022-02-01 09:25:04 - [MESSAGE][PASSED] - Object 'Object Repository/Page_Amazon Sign-In/input_Email or mobile phone number_email' is present

2022-02-01 09:25:04 - [TEST_STEP][PASSED] - setText(findTestObject("Page_Amazon Sign-In/input_Email or mobile phone number_email"), Usuario): Text 'yafrisig@gmail.com' is set on object 'Object Repository/Page_Amazon Sign-In/input_Email or mobile phone number_email'

2022-02-01 09:25:10 - [MESSAGE][PASSED] - Text 'yafrisig@gmail.com' is set on object 'Object Repository/Page_Amazon Sign-In/input_Email or mobile phone number_email'

2022-02-01 09:25:10 - [TEST_STEP][PASSED] - verifyElementClickable(findTestObject("Page_Amazon Sign-In/input_Enter your email or mobile phone numb_fc7402")): Object 'Object Repository/Page_Amazon Sign-In/input_Enter your email or mobile phone numb_fc7402' is clickable

2022-02-01 09:25:11 - [MESSAGE][PASSED] - Object 'Object Repository/Page_Amazon Sign-In/input_Enter your email or mobile phone numb_fc7402' is clickable

2022-02-01 09:25:11 - [TEST_STEP][PASSED] - click(findTestObject("Object Repository/Page_Amazon Sign-In/input_Enter your email or mobile phone numb_fc7402")): Object: 'Object Repository/Page_Amazon Sign-In/input_Enter your email or mobile phone numb_fc7402' is clicked on

2022-02-01 09:25:12 - [MESSAGE][PASSED] - Object: 'Object Repository/Page_Amazon Sign-In/input_Enter your email or mobile phone numb_fc7402' is clicked on

2022-02-01 09:25:12 - [TEST_STEP][PASSED] - setEncryptedText(findTestObject("Object Repository/Page_Amazon Sign-In/input_Forgot your password_password"), Passinc): Text ****** has been set on object 'Object Repository/Page_Amazon Sign-In/input_Forgot your password_password'

2022-02-01 09:25:13 - [MESSAGE][PASSED] - Text ****** has been set on object 'Object Repository/Page_Amazon Sign-In/input_Forgot your password_password'

2022-02-01 09:25:13 - [TEST_STEP][PASSED] - verifyElementClickable(findTestObject("Page_Amazon Sign-In/input_Enter your password_signInSubmit")): Object 'Object Repository/Page_Amazon Sign-In/input_Enter your password_signInSubmit' is clickable

2022-02-01 09:25:14 - [MESSAGE][PASSED] - Object 'Object Repository/Page_Amazon Sign-In/input_Enter your password_signInSubmit' is clickable

2022-02-01 09:25:14 - [TEST_STEP][PASSED] - click(findTestObject("Object Repository/Page_Amazon Sign-In/input_Enter your password_signInSubmit")): Object: 'Object Repository/Page_Amazon Sign-In/input_Enter your password_signInSubmit' is clicked on

2022-02-01 09:25:14 - [MESSAGE][PASSED] - Object: 'Object Repository/Page_Amazon Sign-In/input_Enter your password_signInSubmit' is clicked on

2022-02-01 09:25:14 - [TEST_STEP][PASSED] - delay(2): Delayed 2 second(s)

2022-02-01 09:25:16 - [MESSAGE][PASSED] - Delayed 2 second(s)

2022-02-01 09:25:16 - [TEST_STEP][PASSED] - closeBrowser(): Browser is closed

2022-02-01 09:25:17 - [MESSAGE][PASSED] - Browser is closed]]></system-out>
         <system-err><![CDATA[]]></system-err>
      </testcase>
      <testcase name="Test Cases/Ejercicio1/test2" time="13.409" classname="Test Cases/Ejercicio1/test2" status="PASSED">
         <system-out><![CDATA[2022-02-01 09:25:17 - [TEST_CASE][PASSED] - Test Cases/Ejercicio1/test2: Test Cases/Ejercicio1/test2

2022-02-01 09:25:18 - [TEST_STEP][PASSED] - openBrowser(""): Browser is opened with url: ''

2022-02-01 09:25:18 - [MESSAGE][INFO] - Starting 'Chrome' driver

2022-02-01 09:25:18 - [MESSAGE][INFO] - Action delay is set to 0 milliseconds

2022-02-01 09:25:19 - [MESSAGE][PASSED] - Browser is opened with url: ''

2022-02-01 09:25:19 - [TEST_STEP][PASSED] - navigateToUrl("https://www.amazon.com/ap/signin?openid.pape.max_auth_age=0&openid.return_to=https%3A%2F%2Fwww.amazon.com%2Fyour-account%2F%3F_encoding%3DUTF8%26ref_%3Dnav_em_hd_re_signin&openid.identity=http%3A%2F%2Fspecs.openid.net%2Fauth%2F2.0%2Fidentifier_select&openid.assoc_handle=usflex&openid.mode=checkid_setup&openid.claimed_id=http%3A%2F%2Fspecs.openid.net%2Fauth%2F2.0%2Fidentifier_select&openid.ns=http%3A%2F%2Fspecs.openid.net%2Fauth%2F2.0&&ref_%3Dnav_em_hd_clc_signin"): Navigate to 'https://www.amazon.com/ap/signin?openid.pape.max_auth_age=0&openid.return_to=https%3A%2F%2Fwww.amazon.com%2Fyour-account%2F%3F_encoding%3DUTF8%26ref_%3Dnav_em_hd_re_signin&openid.identity=http%3A%2F%2Fspecs.openid.net%2Fauth%2F2.0%2Fidentifier_select&openid.assoc_handle=usflex&openid.mode=checkid_setup&openid.claimed_id=http%3A%2F%2Fspecs.openid.net%2Fauth%2F2.0%2Fidentifier_select&openid.ns=http%3A%2F%2Fspecs.openid.net%2Fauth%2F2.0&&ref_%3Dnav_em_hd_clc_signin' successfully

2022-02-01 09:25:21 - [MESSAGE][PASSED] - Navigate to 'https://www.amazon.com/ap/signin?openid.pape.max_auth_age=0&openid.return_to=https%3A%2F%2Fwww.amazon.com%2Fyour-account%2F%3F_encoding%3DUTF8%26ref_%3Dnav_em_hd_re_signin&openid.identity=http%3A%2F%2Fspecs.openid.net%2Fauth%2F2.0%2Fidentifier_select&openid.assoc_handle=usflex&openid.mode=checkid_setup&openid.claimed_id=http%3A%2F%2Fspecs.openid.net%2Fauth%2F2.0%2Fidentifier_select&openid.ns=http%3A%2F%2Fspecs.openid.net%2Fauth%2F2.0&&ref_%3Dnav_em_hd_clc_signin' successfully

2022-02-01 09:25:21 - [TEST_STEP][PASSED] - maximizeWindow(): Current window maximized

2022-02-01 09:25:21 - [MESSAGE][PASSED] - Current window maximized

2022-02-01 09:25:21 - [TEST_STEP][PASSED] - verifyElementPresent(findTestObject("Page_Amazon Sign-In/input_Email or mobile phone number_email"), 0): Object 'Object Repository/Page_Amazon Sign-In/input_Email or mobile phone number_email' is present

2022-02-01 09:25:21 - [MESSAGE][WARNING] - Timeout '0' is invalid. Using default page load timeout: '30'

2022-02-01 09:25:22 - [MESSAGE][PASSED] - Object 'Object Repository/Page_Amazon Sign-In/input_Email or mobile phone number_email' is present

2022-02-01 09:25:22 - [TEST_STEP][PASSED] - setText(findTestObject("Object Repository/Page_Amazon Sign-In/input_Email or mobile phone number_email"), Usuario): Text 'yafrisig@gmail.com' is set on object 'Object Repository/Page_Amazon Sign-In/input_Email or mobile phone number_email'

2022-02-01 09:25:23 - [MESSAGE][PASSED] - Text 'yafrisig@gmail.com' is set on object 'Object Repository/Page_Amazon Sign-In/input_Email or mobile phone number_email'

2022-02-01 09:25:23 - [TEST_STEP][PASSED] - verifyElementClickable(findTestObject("Page_Amazon Sign-In/input_Enter your email or mobile phone numb_fc7402")): Object 'Object Repository/Page_Amazon Sign-In/input_Enter your email or mobile phone numb_fc7402' is clickable

2022-02-01 09:25:23 - [MESSAGE][PASSED] - Object 'Object Repository/Page_Amazon Sign-In/input_Enter your email or mobile phone numb_fc7402' is clickable

2022-02-01 09:25:23 - [TEST_STEP][PASSED] - click(findTestObject("Object Repository/Page_Amazon Sign-In/input_Enter your email or mobile phone numb_fc7402")): Object: 'Object Repository/Page_Amazon Sign-In/input_Enter your email or mobile phone numb_fc7402' is clicked on

2022-02-01 09:25:25 - [MESSAGE][PASSED] - Object: 'Object Repository/Page_Amazon Sign-In/input_Enter your email or mobile phone numb_fc7402' is clicked on

2022-02-01 09:25:25 - [TEST_STEP][PASSED] - verifyElementClickable(findTestObject("Page_Amazon Sign-In/input_Enter your password_signInSubmit")): Object 'Object Repository/Page_Amazon Sign-In/input_Enter your password_signInSubmit' is clickable

2022-02-01 09:25:26 - [MESSAGE][PASSED] - Object 'Object Repository/Page_Amazon Sign-In/input_Enter your password_signInSubmit' is clickable

2022-02-01 09:25:26 - [TEST_STEP][PASSED] - setEncryptedText(findTestObject("Object Repository/Page_Amazon Sign-In/input_Forgot your password_password"), Password): Text ****** has been set on object 'Object Repository/Page_Amazon Sign-In/input_Forgot your password_password'

2022-02-01 09:25:26 - [MESSAGE][PASSED] - Text ****** has been set on object 'Object Repository/Page_Amazon Sign-In/input_Forgot your password_password'

2022-02-01 09:25:26 - [TEST_STEP][PASSED] - click(findTestObject("Object Repository/Page_Amazon Sign-In/input_Enter your password_signInSubmit")): Object: 'Object Repository/Page_Amazon Sign-In/input_Enter your password_signInSubmit' is clicked on

2022-02-01 09:25:27 - [MESSAGE][PASSED] - Object: 'Object Repository/Page_Amazon Sign-In/input_Enter your password_signInSubmit' is clicked on

2022-02-01 09:25:27 - [TEST_STEP][PASSED] - delay(3): Delayed 3 second(s)

2022-02-01 09:25:30 - [MESSAGE][PASSED] - Delayed 3 second(s)

2022-02-01 09:25:30 - [TEST_STEP][PASSED] - closeBrowser(): Browser is closed

2022-02-01 09:25:31 - [MESSAGE][PASSED] - Browser is closed]]></system-out>
         <system-err><![CDATA[]]></system-err>
      </testcase>
      <testcase name="Test Cases/Ejercicio1/test3" time="13.233" classname="Test Cases/Ejercicio1/test3" status="PASSED">
         <system-out><![CDATA[2022-02-01 09:25:31 - [TEST_CASE][PASSED] - Test Cases/Ejercicio1/test3: Test Cases/Ejercicio1/test3

2022-02-01 09:25:31 - [TEST_STEP][PASSED] - openBrowser(""): Browser is opened with url: ''

2022-02-01 09:25:31 - [MESSAGE][INFO] - Starting 'Chrome' driver

2022-02-01 09:25:31 - [MESSAGE][INFO] - Action delay is set to 0 milliseconds

2022-02-01 09:25:33 - [MESSAGE][PASSED] - Browser is opened with url: ''

2022-02-01 09:25:33 - [TEST_STEP][PASSED] - navigateToUrl("https://www.amazon.com/ap/signin?openid.pape.max_auth_age=0&openid.return_to=https%3A%2F%2Fwww.amazon.com%2Fyour-account%2F%3F_encoding%3DUTF8%26ref_%3Dnav_em_hd_re_signin&openid.identity=http%3A%2F%2Fspecs.openid.net%2Fauth%2F2.0%2Fidentifier_select&openid.assoc_handle=usflex&openid.mode=checkid_setup&openid.claimed_id=http%3A%2F%2Fspecs.openid.net%2Fauth%2F2.0%2Fidentifier_select&openid.ns=http%3A%2F%2Fspecs.openid.net%2Fauth%2F2.0&&ref_%3Dnav_em_hd_clc_signin"): Navigate to 'https://www.amazon.com/ap/signin?openid.pape.max_auth_age=0&openid.return_to=https%3A%2F%2Fwww.amazon.com%2Fyour-account%2F%3F_encoding%3DUTF8%26ref_%3Dnav_em_hd_re_signin&openid.identity=http%3A%2F%2Fspecs.openid.net%2Fauth%2F2.0%2Fidentifier_select&openid.assoc_handle=usflex&openid.mode=checkid_setup&openid.claimed_id=http%3A%2F%2Fspecs.openid.net%2Fauth%2F2.0%2Fidentifier_select&openid.ns=http%3A%2F%2Fspecs.openid.net%2Fauth%2F2.0&&ref_%3Dnav_em_hd_clc_signin' successfully

2022-02-01 09:25:36 - [MESSAGE][PASSED] - Navigate to 'https://www.amazon.com/ap/signin?openid.pape.max_auth_age=0&openid.return_to=https%3A%2F%2Fwww.amazon.com%2Fyour-account%2F%3F_encoding%3DUTF8%26ref_%3Dnav_em_hd_re_signin&openid.identity=http%3A%2F%2Fspecs.openid.net%2Fauth%2F2.0%2Fidentifier_select&openid.assoc_handle=usflex&openid.mode=checkid_setup&openid.claimed_id=http%3A%2F%2Fspecs.openid.net%2Fauth%2F2.0%2Fidentifier_select&openid.ns=http%3A%2F%2Fspecs.openid.net%2Fauth%2F2.0&&ref_%3Dnav_em_hd_clc_signin' successfully

2022-02-01 09:25:36 - [TEST_STEP][PASSED] - maximizeWindow(): Current window maximized

2022-02-01 09:25:36 - [MESSAGE][PASSED] - Current window maximized

2022-02-01 09:25:36 - [TEST_STEP][PASSED] - verifyElementPresent(findTestObject("Page_Amazon Sign-In/input_Email or mobile phone number_email"), 0): Object 'Object Repository/Page_Amazon Sign-In/input_Email or mobile phone number_email' is present

2022-02-01 09:25:36 - [MESSAGE][WARNING] - Timeout '0' is invalid. Using default page load timeout: '30'

2022-02-01 09:25:37 - [MESSAGE][PASSED] - Object 'Object Repository/Page_Amazon Sign-In/input_Email or mobile phone number_email' is present

2022-02-01 09:25:37 - [TEST_STEP][PASSED] - setText(findTestObject("Object Repository/Page_Amazon Sign-In/input_Email or mobile phone number_email"), Correoinc): Text 'yafrisi@gmail.com' is set on object 'Object Repository/Page_Amazon Sign-In/input_Email or mobile phone number_email'

2022-02-01 09:25:38 - [MESSAGE][PASSED] - Text 'yafrisi@gmail.com' is set on object 'Object Repository/Page_Amazon Sign-In/input_Email or mobile phone number_email'

2022-02-01 09:25:38 - [TEST_STEP][PASSED] - verifyElementClickable(findTestObject("Page_Amazon Sign-In/input_Enter your email or mobile phone numb_fc7402")): Object 'Object Repository/Page_Amazon Sign-In/input_Enter your email or mobile phone numb_fc7402' is clickable

2022-02-01 09:25:38 - [MESSAGE][PASSED] - Object 'Object Repository/Page_Amazon Sign-In/input_Enter your email or mobile phone numb_fc7402' is clickable

2022-02-01 09:25:38 - [TEST_STEP][PASSED] - click(findTestObject("Object Repository/Page_Amazon Sign-In/input_Enter your email or mobile phone numb_fc7402")): Object: 'Object Repository/Page_Amazon Sign-In/input_Enter your email or mobile phone numb_fc7402' is clicked on

2022-02-01 09:25:39 - [MESSAGE][PASSED] - Object: 'Object Repository/Page_Amazon Sign-In/input_Enter your email or mobile phone numb_fc7402' is clicked on

2022-02-01 09:25:39 - [TEST_STEP][PASSED] - click(findTestObject("Object Repository/Page_Amazon Sign-In/div_There was a problem                    _7720a7")): Object: 'Object Repository/Page_Amazon Sign-In/div_There was a problem                    _7720a7' is clicked on

2022-02-01 09:25:40 - [MESSAGE][PASSED] - Object: 'Object Repository/Page_Amazon Sign-In/div_There was a problem                    _7720a7' is clicked on

2022-02-01 09:25:40 - [TEST_STEP][PASSED] - delay(3): Delayed 3 second(s)

2022-02-01 09:25:43 - [MESSAGE][PASSED] - Delayed 3 second(s)

2022-02-01 09:25:43 - [TEST_STEP][PASSED] - closeBrowser(): Browser is closed

2022-02-01 09:25:44 - [MESSAGE][PASSED] - Browser is closed]]></system-out>
         <system-err><![CDATA[]]></system-err>
      </testcase>
      <testcase name="Test Cases/Ejercicio1/test4" time="10.016" classname="Test Cases/Ejercicio1/test4" status="PASSED">
         <system-out><![CDATA[2022-02-01 09:25:44 - [TEST_CASE][PASSED] - Test Cases/Ejercicio1/test4: Test Cases/Ejercicio1/test4

2022-02-01 09:25:44 - [TEST_STEP][PASSED] - openBrowser(""): Browser is opened with url: ''

2022-02-01 09:25:44 - [MESSAGE][INFO] - Starting 'Chrome' driver

2022-02-01 09:25:44 - [MESSAGE][INFO] - Action delay is set to 0 milliseconds

2022-02-01 09:25:46 - [MESSAGE][PASSED] - Browser is opened with url: ''

2022-02-01 09:25:46 - [TEST_STEP][PASSED] - navigateToUrl("https://www.amazon.com/ap/signin?openid.pape.max_auth_age=0&openid.return_to=https%3A%2F%2Fwww.amazon.com%2Fyour-account%2F%3F_encoding%3DUTF8%26ref_%3Dnav_em_hd_re_signin&openid.identity=http%3A%2F%2Fspecs.openid.net%2Fauth%2F2.0%2Fidentifier_select&openid.assoc_handle=usflex&openid.mode=checkid_setup&openid.claimed_id=http%3A%2F%2Fspecs.openid.net%2Fauth%2F2.0%2Fidentifier_select&openid.ns=http%3A%2F%2Fspecs.openid.net%2Fauth%2F2.0&&ref_%3Dnav_em_hd_clc_signin"): Navigate to 'https://www.amazon.com/ap/signin?openid.pape.max_auth_age=0&openid.return_to=https%3A%2F%2Fwww.amazon.com%2Fyour-account%2F%3F_encoding%3DUTF8%26ref_%3Dnav_em_hd_re_signin&openid.identity=http%3A%2F%2Fspecs.openid.net%2Fauth%2F2.0%2Fidentifier_select&openid.assoc_handle=usflex&openid.mode=checkid_setup&openid.claimed_id=http%3A%2F%2Fspecs.openid.net%2Fauth%2F2.0%2Fidentifier_select&openid.ns=http%3A%2F%2Fspecs.openid.net%2Fauth%2F2.0&&ref_%3Dnav_em_hd_clc_signin' successfully

2022-02-01 09:25:47 - [MESSAGE][PASSED] - Navigate to 'https://www.amazon.com/ap/signin?openid.pape.max_auth_age=0&openid.return_to=https%3A%2F%2Fwww.amazon.com%2Fyour-account%2F%3F_encoding%3DUTF8%26ref_%3Dnav_em_hd_re_signin&openid.identity=http%3A%2F%2Fspecs.openid.net%2Fauth%2F2.0%2Fidentifier_select&openid.assoc_handle=usflex&openid.mode=checkid_setup&openid.claimed_id=http%3A%2F%2Fspecs.openid.net%2Fauth%2F2.0%2Fidentifier_select&openid.ns=http%3A%2F%2Fspecs.openid.net%2Fauth%2F2.0&&ref_%3Dnav_em_hd_clc_signin' successfully

2022-02-01 09:25:47 - [TEST_STEP][PASSED] - maximizeWindow(): Current window maximized

2022-02-01 09:25:48 - [MESSAGE][PASSED] - Current window maximized

2022-02-01 09:25:48 - [TEST_STEP][PASSED] - verifyElementPresent(findTestObject("Page_Amazon Sign-In/input_Email or mobile phone number_email"), 0): Object 'Object Repository/Page_Amazon Sign-In/input_Email or mobile phone number_email' is present

2022-02-01 09:25:48 - [MESSAGE][WARNING] - Timeout '0' is invalid. Using default page load timeout: '30'

2022-02-01 09:25:48 - [MESSAGE][PASSED] - Object 'Object Repository/Page_Amazon Sign-In/input_Email or mobile phone number_email' is present

2022-02-01 09:25:48 - [TEST_STEP][PASSED] - click(findTestObject("Object Repository/Page_Amazon Sign-In/input_Enter your email or mobile phone numb_fc7402")): Object: 'Object Repository/Page_Amazon Sign-In/input_Enter your email or mobile phone numb_fc7402' is clicked on

2022-02-01 09:25:49 - [MESSAGE][PASSED] - Object: 'Object Repository/Page_Amazon Sign-In/input_Enter your email or mobile phone numb_fc7402' is clicked on

2022-02-01 09:25:49 - [TEST_STEP][PASSED] - verifyElementClickable(findTestObject("Page_Amazon Sign-In/input_Enter your email or mobile phone numb_fc7402")): Object 'Object Repository/Page_Amazon Sign-In/input_Enter your email or mobile phone numb_fc7402' is clickable

2022-02-01 09:25:50 - [MESSAGE][PASSED] - Object 'Object Repository/Page_Amazon Sign-In/input_Enter your email or mobile phone numb_fc7402' is clickable

2022-02-01 09:25:50 - [TEST_STEP][PASSED] - click(findTestObject("Object Repository/Page_Amazon Sign-In/div_Enter your email or mobile phone number")): Object: 'Object Repository/Page_Amazon Sign-In/div_Enter your email or mobile phone number' is clicked on

2022-02-01 09:25:50 - [MESSAGE][PASSED] - Object: 'Object Repository/Page_Amazon Sign-In/div_Enter your email or mobile phone number' is clicked on

2022-02-01 09:25:50 - [TEST_STEP][PASSED] - delay(3): Delayed 3 second(s)

2022-02-01 09:25:53 - [MESSAGE][PASSED] - Delayed 3 second(s)

2022-02-01 09:25:53 - [TEST_STEP][PASSED] - closeBrowser(): Browser is closed

2022-02-01 09:25:54 - [MESSAGE][PASSED] - Browser is closed]]></system-out>
         <system-err><![CDATA[]]></system-err>
      </testcase>
      <testcase name="Test Cases/Ejercicio1/test5" time="11.143" classname="Test Cases/Ejercicio1/test5" status="PASSED">
         <system-out><![CDATA[2022-02-01 09:25:54 - [TEST_CASE][PASSED] - Test Cases/Ejercicio1/test5: Test Cases/Ejercicio1/test5

2022-02-01 09:25:54 - [TEST_STEP][PASSED] - openBrowser(""): Browser is opened with url: ''

2022-02-01 09:25:54 - [MESSAGE][INFO] - Starting 'Chrome' driver

2022-02-01 09:25:54 - [MESSAGE][INFO] - Action delay is set to 0 milliseconds

2022-02-01 09:25:56 - [MESSAGE][PASSED] - Browser is opened with url: ''

2022-02-01 09:25:56 - [TEST_STEP][PASSED] - navigateToUrl("https://www.amazon.com/ap/signin?openid.pape.max_auth_age=0&openid.return_to=https%3A%2F%2Fwww.amazon.com%2Fyour-account%2F%3F_encoding%3DUTF8%26ref_%3Dnav_em_hd_re_signin&openid.identity=http%3A%2F%2Fspecs.openid.net%2Fauth%2F2.0%2Fidentifier_select&openid.assoc_handle=usflex&openid.mode=checkid_setup&openid.claimed_id=http%3A%2F%2Fspecs.openid.net%2Fauth%2F2.0%2Fidentifier_select&openid.ns=http%3A%2F%2Fspecs.openid.net%2Fauth%2F2.0&&ref_%3Dnav_em_hd_clc_signin"): Navigate to 'https://www.amazon.com/ap/signin?openid.pape.max_auth_age=0&openid.return_to=https%3A%2F%2Fwww.amazon.com%2Fyour-account%2F%3F_encoding%3DUTF8%26ref_%3Dnav_em_hd_re_signin&openid.identity=http%3A%2F%2Fspecs.openid.net%2Fauth%2F2.0%2Fidentifier_select&openid.assoc_handle=usflex&openid.mode=checkid_setup&openid.claimed_id=http%3A%2F%2Fspecs.openid.net%2Fauth%2F2.0%2Fidentifier_select&openid.ns=http%3A%2F%2Fspecs.openid.net%2Fauth%2F2.0&&ref_%3Dnav_em_hd_clc_signin' successfully

2022-02-01 09:25:58 - [MESSAGE][PASSED] - Navigate to 'https://www.amazon.com/ap/signin?openid.pape.max_auth_age=0&openid.return_to=https%3A%2F%2Fwww.amazon.com%2Fyour-account%2F%3F_encoding%3DUTF8%26ref_%3Dnav_em_hd_re_signin&openid.identity=http%3A%2F%2Fspecs.openid.net%2Fauth%2F2.0%2Fidentifier_select&openid.assoc_handle=usflex&openid.mode=checkid_setup&openid.claimed_id=http%3A%2F%2Fspecs.openid.net%2Fauth%2F2.0%2Fidentifier_select&openid.ns=http%3A%2F%2Fspecs.openid.net%2Fauth%2F2.0&&ref_%3Dnav_em_hd_clc_signin' successfully

2022-02-01 09:25:58 - [TEST_STEP][PASSED] - maximizeWindow(): Current window maximized

2022-02-01 09:25:58 - [MESSAGE][PASSED] - Current window maximized

2022-02-01 09:25:58 - [TEST_STEP][PASSED] - verifyElementPresent(findTestObject("Page_Amazon Sign-In/input_Email or mobile phone number_email"), 0): Object 'Object Repository/Page_Amazon Sign-In/input_Email or mobile phone number_email' is present

2022-02-01 09:25:58 - [MESSAGE][WARNING] - Timeout '0' is invalid. Using default page load timeout: '30'

2022-02-01 09:25:59 - [MESSAGE][PASSED] - Object 'Object Repository/Page_Amazon Sign-In/input_Email or mobile phone number_email' is present

2022-02-01 09:25:59 - [TEST_STEP][PASSED] - setText(findTestObject("Object Repository/Page_Amazon Sign-In/input_Email or mobile phone number_email"), Usuario): Text 'yafrisig@gmail.com' is set on object 'Object Repository/Page_Amazon Sign-In/input_Email or mobile phone number_email'

2022-02-01 09:26:00 - [MESSAGE][PASSED] - Text 'yafrisig@gmail.com' is set on object 'Object Repository/Page_Amazon Sign-In/input_Email or mobile phone number_email'

2022-02-01 09:26:00 - [TEST_STEP][PASSED] - verifyElementClickable(findTestObject("Page_Amazon Sign-In/input_Enter your email or mobile phone numb_fc7402")): Object 'Object Repository/Page_Amazon Sign-In/input_Enter your email or mobile phone numb_fc7402' is clickable

2022-02-01 09:26:00 - [MESSAGE][PASSED] - Object 'Object Repository/Page_Amazon Sign-In/input_Enter your email or mobile phone numb_fc7402' is clickable

2022-02-01 09:26:00 - [TEST_STEP][PASSED] - click(findTestObject("Object Repository/Page_Amazon Sign-In/input_Enter your email or mobile phone numb_fc7402")): Object: 'Object Repository/Page_Amazon Sign-In/input_Enter your email or mobile phone numb_fc7402' is clicked on

2022-02-01 09:26:01 - [MESSAGE][PASSED] - Object: 'Object Repository/Page_Amazon Sign-In/input_Enter your email or mobile phone numb_fc7402' is clicked on

2022-02-01 09:26:01 - [TEST_STEP][PASSED] - click(findTestObject("Object Repository/Page_Amazon Sign-In/input_Enter your password_signInSubmit")): Object: 'Object Repository/Page_Amazon Sign-In/input_Enter your password_signInSubmit' is clicked on

2022-02-01 09:26:02 - [MESSAGE][PASSED] - Object: 'Object Repository/Page_Amazon Sign-In/input_Enter your password_signInSubmit' is clicked on

2022-02-01 09:26:02 - [TEST_STEP][PASSED] - delay(2): Delayed 2 second(s)

2022-02-01 09:26:04 - [MESSAGE][PASSED] - Delayed 2 second(s)

2022-02-01 09:26:04 - [TEST_STEP][PASSED] - closeBrowser(): Browser is closed

2022-02-01 09:26:05 - [MESSAGE][PASSED] - Browser is closed]]></system-out>
         <system-err><![CDATA[]]></system-err>
      </testcase>
      <system-out><![CDATA[2022-02-01 09:24:58 - [TEST_SUITE][PASSED] - testfull: Test Cases/Ejercicio1/test5]]></system-out>
      <system-err><![CDATA[]]></system-err>
   </testsuite>
</testsuites>
